The system is: Linux - 5.11.6-1-default - x86_64
Compiling the C compiler identification source file "CMakeCCompilerId.c" succeeded.
Compiler: /usr/bin/clang 
Build flags: 
Id flags:  

The output was:
0


Compilation of the C compiler identification source "CMakeCCompilerId.c" produced "a.out"

The C compiler identification is Clang, found in "/home/home_rebecca/projects/school_clion/cmake-build-debug/CMakeFiles/3.17.5/CompilerIdC/a.out"

Compiling the CXX compiler identification source file "CMakeCXXCompilerId.cpp" succeeded.
Compiler: /usr/bin/clang++ 
Build flags: 
Id flags:  

The output was:
0


Compilation of the CXX compiler identification source "CMakeCXXCompilerId.cpp" produced "a.out"

The CXX compiler identification is Clang, found in "/home/home_rebecca/projects/school_clion/cmake-build-debug/CMakeFiles/3.17.5/CompilerIdCXX/a.out"

Determining if the C compiler works passed with the following output:
Change Dir: /home/home_rebecca/projects/school_clion/cmake-build-debug/CMakeFiles/CMakeTmp

Run Build Command(s):/usr/bin/gmake cmTC_8da96/fast && /usr/bin/gmake  -f CMakeFiles/cmTC_8da96.dir/build.make CMakeFiles/cmTC_8da96.dir/build
gmake[1]: Entering directory '/home/home_rebecca/projects/school_clion/cmake-build-debug/CMakeFiles/CMakeTmp'
Building C object CMakeFiles/cmTC_8da96.dir/testCCompiler.c.o
/usr/bin/clang    -o CMakeFiles/cmTC_8da96.dir/testCCompiler.c.o   -c /home/home_rebecca/projects/school_clion/cmake-build-debug/CMakeFiles/CMakeTmp/testCCompiler.c
Linking C executable cmTC_8da96
/home/home_rebecca/.local/share/JetBrains/Toolbox/apps/CLion/ch-0/203.7717.62/bin/cmake/linux/bin/cmake -E cmake_link_script CMakeFiles/cmTC_8da96.dir/link.txt --verbose=1
/usr/bin/clang      CMakeFiles/cmTC_8da96.dir/testCCompiler.c.o  -o cmTC_8da96 
gmake[1]: Leaving directory '/home/home_rebecca/projects/school_clion/cmake-build-debug/CMakeFiles/CMakeTmp'



Detecting C compiler ABI info compiled with the following output:
Change Dir: /home/home_rebecca/projects/school_clion/cmake-build-debug/CMakeFiles/CMakeTmp

Run Build Command(s):/usr/bin/gmake cmTC_91a74/fast && /usr/bin/gmake  -f CMakeFiles/cmTC_91a74.dir/build.make CMakeFiles/cmTC_91a74.dir/build
gmake[1]: Entering directory '/home/home_rebecca/projects/school_clion/cmake-build-debug/CMakeFiles/CMakeTmp'
Building C object CMakeFiles/cmTC_91a74.dir/CMakeCCompilerABI.c.o
/usr/bin/clang   -v -o CMakeFiles/cmTC_91a74.dir/CMakeCCompilerABI.c.o   -c /home/home_rebecca/.local/share/JetBrains/Toolbox/apps/CLion/ch-0/203.7717.62/bin/cmake/linux/share/cmake-3.17/Modules/CMakeCCompilerABI.c
clang version 11.0.1
Target: x86_64-unknown-linux-gnu
Thread model: posix
InstalledDir: /usr/bin
Found candidate GCC installation: /usr/bin/../lib64/gcc/x86_64-suse-linux/10
Found candidate GCC installation: /usr/bin/../lib64/gcc/x86_64-suse-linux/9
Found candidate GCC installation: /usr/lib64/gcc/x86_64-suse-linux/10
Found candidate GCC installation: /usr/lib64/gcc/x86_64-suse-linux/9
Selected GCC installation: /usr/bin/../lib64/gcc/x86_64-suse-linux/10
Candidate multilib: .;@m64
Selected multilib: .;@m64
 (in-process)
 "/usr/bin/clang-11.0.1" -cc1 -triple x86_64-unknown-linux-gnu -emit-obj -mrelax-all -disable-free -disable-llvm-verifier -discard-value-names -main-file-name CMakeCCompilerABI.c -mrelocation-model static -mframe-pointer=all -fmath-errno -fno-rounding-math -mconstructor-aliases -munwind-tables -target-cpu x86-64 -fno-split-dwarf-inlining -debugger-tuning=gdb -v -resource-dir /usr/lib64/clang/11.0.1 -internal-isystem /usr/local/include -internal-isystem /usr/lib64/clang/11.0.1/include -internal-externc-isystem /include -internal-externc-isystem /usr/include -fdebug-compilation-dir /home/home_rebecca/projects/school_clion/cmake-build-debug/CMakeFiles/CMakeTmp -ferror-limit 19 -fgnuc-version=4.2.1 -faddrsig -o CMakeFiles/cmTC_91a74.dir/CMakeCCompilerABI.c.o -x c /home/home_rebecca/.local/share/JetBrains/Toolbox/apps/CLion/ch-0/203.7717.62/bin/cmake/linux/share/cmake-3.17/Modules/CMakeCCompilerABI.c
clang -cc1 version 11.0.1 based upon LLVM 11.0.1 default target x86_64-unknown-linux-gnu
ignoring nonexistent directory "/include"
#include "..." search starts here:
#include <...> search starts here:
 /usr/local/include
 /usr/lib64/clang/11.0.1/include
 /usr/include
End of search list.
Linking C executable cmTC_91a74
/home/home_rebecca/.local/share/JetBrains/Toolbox/apps/CLion/ch-0/203.7717.62/bin/cmake/linux/bin/cmake -E cmake_link_script CMakeFiles/cmTC_91a74.dir/link.txt --verbose=1
/usr/bin/clang     -v CMakeFiles/cmTC_91a74.dir/CMakeCCompilerABI.c.o  -o cmTC_91a74 
clang version 11.0.1
Target: x86_64-unknown-linux-gnu
Thread model: posix
InstalledDir: /usr/bin
Found candidate GCC installation: /usr/bin/../lib64/gcc/x86_64-suse-linux/10
Found candidate GCC installation: /usr/bin/../lib64/gcc/x86_64-suse-linux/9
Found candidate GCC installation: /usr/lib64/gcc/x86_64-suse-linux/10
Found candidate GCC installation: /usr/lib64/gcc/x86_64-suse-linux/9
Selected GCC installation: /usr/bin/../lib64/gcc/x86_64-suse-linux/10
Candidate multilib: .;@m64
Selected multilib: .;@m64
 "/usr/bin/ld" -z relro --hash-style=gnu --hash-style=both --build-id --enable-new-dtags --eh-frame-hdr -m elf_x86_64 -dynamic-linker /lib64/ld-linux-x86-64.so.2 -o cmTC_91a74 /usr/bin/../lib64/gcc/x86_64-suse-linux/10/../../../../lib64/crt1.o /usr/bin/../lib64/gcc/x86_64-suse-linux/10/../../../../lib64/crti.o /usr/bin/../lib64/gcc/x86_64-suse-linux/10/crtbegin.o -L/usr/bin/../lib64/gcc/x86_64-suse-linux/10 -L/usr/bin/../lib64/gcc/x86_64-suse-linux/10/../../../../lib64 -L/usr/bin/../lib64 -L/lib/../lib64 -L/usr/lib/../lib64 -L/usr/bin/../lib64/gcc/x86_64-suse-linux/10/../../../../x86_64-suse-linux/lib -L/usr/bin/../lib64/gcc/x86_64-suse-linux/10/../../.. -L/usr/bin/../lib -L/lib -L/usr/lib CMakeFiles/cmTC_91a74.dir/CMakeCCompilerABI.c.o -lgcc --as-needed -lgcc_s --no-as-needed -lc -lgcc --as-needed -lgcc_s --no-as-needed /usr/bin/../lib64/gcc/x86_64-suse-linux/10/crtend.o /usr/bin/../lib64/gcc/x86_64-suse-linux/10/../../../../lib64/crtn.o
gmake[1]: Leaving directory '/home/home_rebecca/projects/school_clion/cmake-build-debug/CMakeFiles/CMakeTmp'



Parsed C implicit include dir info from above output: rv=done
  found start of include info
  found start of implicit include info
    add: [/usr/local/include]
    add: [/usr/lib64/clang/11.0.1/include]
    add: [/usr/include]
  end of search list found
  collapse include dir [/usr/local/include] ==> [/usr/local/include]
  collapse include dir [/usr/lib64/clang/11.0.1/include] ==> [/usr/lib64/clang/11.0.1/include]
  collapse include dir [/usr/include] ==> [/usr/include]
  implicit include dirs: [/usr/local/include;/usr/lib64/clang/11.0.1/include;/usr/include]


Parsed C implicit link information from above output:
  link line regex: [^( *|.*[/\])(ld|CMAKE_LINK_STARTFILE-NOTFOUND|([^/\]+-)?ld|collect2)[^/\]*( |$)]
  ignore line: [Change Dir: /home/home_rebecca/projects/school_clion/cmake-build-debug/CMakeFiles/CMakeTmp]
  ignore line: []
  ignore line: [Run Build Command(s):/usr/bin/gmake cmTC_91a74/fast && /usr/bin/gmake  -f CMakeFiles/cmTC_91a74.dir/build.make CMakeFiles/cmTC_91a74.dir/build]
  ignore line: [gmake[1]: Entering directory '/home/home_rebecca/projects/school_clion/cmake-build-debug/CMakeFiles/CMakeTmp']
  ignore line: [Building C object CMakeFiles/cmTC_91a74.dir/CMakeCCompilerABI.c.o]
  ignore line: [/usr/bin/clang   -v -o CMakeFiles/cmTC_91a74.dir/CMakeCCompilerABI.c.o   -c /home/home_rebecca/.local/share/JetBrains/Toolbox/apps/CLion/ch-0/203.7717.62/bin/cmake/linux/share/cmake-3.17/Modules/CMakeCCompilerABI.c]
  ignore line: [clang version 11.0.1]
  ignore line: [Target: x86_64-unknown-linux-gnu]
  ignore line: [Thread model: posix]
  ignore line: [InstalledDir: /usr/bin]
  ignore line: [Found candidate GCC installation: /usr/bin/../lib64/gcc/x86_64-suse-linux/10]
  ignore line: [Found candidate GCC installation: /usr/bin/../lib64/gcc/x86_64-suse-linux/9]
  ignore line: [Found candidate GCC installation: /usr/lib64/gcc/x86_64-suse-linux/10]
  ignore line: [Found candidate GCC installation: /usr/lib64/gcc/x86_64-suse-linux/9]
  ignore line: [Selected GCC installation: /usr/bin/../lib64/gcc/x86_64-suse-linux/10]
  ignore line: [Candidate multilib: .]
  ignore line: [@m64]
  ignore line: [Selected multilib: .]
  ignore line: [@m64]
  ignore line: [ (in-process)]
  ignore line: [ "/usr/bin/clang-11.0.1" -cc1 -triple x86_64-unknown-linux-gnu -emit-obj -mrelax-all -disable-free -disable-llvm-verifier -discard-value-names -main-file-name CMakeCCompilerABI.c -mrelocation-model static -mframe-pointer=all -fmath-errno -fno-rounding-math -mconstructor-aliases -munwind-tables -target-cpu x86-64 -fno-split-dwarf-inlining -debugger-tuning=gdb -v -resource-dir /usr/lib64/clang/11.0.1 -internal-isystem /usr/local/include -internal-isystem /usr/lib64/clang/11.0.1/include -internal-externc-isystem /include -internal-externc-isystem /usr/include -fdebug-compilation-dir /home/home_rebecca/projects/school_clion/cmake-build-debug/CMakeFiles/CMakeTmp -ferror-limit 19 -fgnuc-version=4.2.1 -faddrsig -o CMakeFiles/cmTC_91a74.dir/CMakeCCompilerABI.c.o -x c /home/home_rebecca/.local/share/JetBrains/Toolbox/apps/CLion/ch-0/203.7717.62/bin/cmake/linux/share/cmake-3.17/Modules/CMakeCCompilerABI.c]
  ignore line: [clang -cc1 version 11.0.1 based upon LLVM 11.0.1 default target x86_64-unknown-linux-gnu]
  ignore line: [ignoring nonexistent directory "/include"]
  ignore line: [#include "..." search starts here:]
  ignore line: [#include <...> search starts here:]
  ignore line: [ /usr/local/include]
  ignore line: [ /usr/lib64/clang/11.0.1/include]
  ignore line: [ /usr/include]
  ignore line: [End of search list.]
  ignore line: [Linking C executable cmTC_91a74]
  ignore line: [/home/home_rebecca/.local/share/JetBrains/Toolbox/apps/CLion/ch-0/203.7717.62/bin/cmake/linux/bin/cmake -E cmake_link_script CMakeFiles/cmTC_91a74.dir/link.txt --verbose=1]
  ignore line: [/usr/bin/clang     -v CMakeFiles/cmTC_91a74.dir/CMakeCCompilerABI.c.o  -o cmTC_91a74 ]
  ignore line: [clang version 11.0.1]
  ignore line: [Target: x86_64-unknown-linux-gnu]
  ignore line: [Thread model: posix]
  ignore line: [InstalledDir: /usr/bin]
  ignore line: [Found candidate GCC installation: /usr/bin/../lib64/gcc/x86_64-suse-linux/10]
  ignore line: [Found candidate GCC installation: /usr/bin/../lib64/gcc/x86_64-suse-linux/9]
  ignore line: [Found candidate GCC installation: /usr/lib64/gcc/x86_64-suse-linux/10]
  ignore line: [Found candidate GCC installation: /usr/lib64/gcc/x86_64-suse-linux/9]
  ignore line: [Selected GCC installation: /usr/bin/../lib64/gcc/x86_64-suse-linux/10]
  ignore line: [Candidate multilib: .]
  ignore line: [@m64]
  ignore line: [Selected multilib: .]
  ignore line: [@m64]
  link line: [ "/usr/bin/ld" -z relro --hash-style=gnu --hash-style=both --build-id --enable-new-dtags --eh-frame-hdr -m elf_x86_64 -dynamic-linker /lib64/ld-linux-x86-64.so.2 -o cmTC_91a74 /usr/bin/../lib64/gcc/x86_64-suse-linux/10/../../../../lib64/crt1.o /usr/bin/../lib64/gcc/x86_64-suse-linux/10/../../../../lib64/crti.o /usr/bin/../lib64/gcc/x86_64-suse-linux/10/crtbegin.o -L/usr/bin/../lib64/gcc/x86_64-suse-linux/10 -L/usr/bin/../lib64/gcc/x86_64-suse-linux/10/../../../../lib64 -L/usr/bin/../lib64 -L/lib/../lib64 -L/usr/lib/../lib64 -L/usr/bin/../lib64/gcc/x86_64-suse-linux/10/../../../../x86_64-suse-linux/lib -L/usr/bin/../lib64/gcc/x86_64-suse-linux/10/../../.. -L/usr/bin/../lib -L/lib -L/usr/lib CMakeFiles/cmTC_91a74.dir/CMakeCCompilerABI.c.o -lgcc --as-needed -lgcc_s --no-as-needed -lc -lgcc --as-needed -lgcc_s --no-as-needed /usr/bin/../lib64/gcc/x86_64-suse-linux/10/crtend.o /usr/bin/../lib64/gcc/x86_64-suse-linux/10/../../../../lib64/crtn.o]
    arg [/usr/bin/ld] ==> ignore
    arg [-zrelro] ==> ignore
    arg [--hash-style=gnu] ==> ignore
    arg [--hash-style=both] ==> ignore
    arg [--build-id] ==> ignore
    arg [--enable-new-dtags] ==> ignore
    arg [--eh-frame-hdr] ==> ignore
    arg [-m] ==> ignore
    arg [elf_x86_64] ==> ignore
    arg [-dynamic-linker] ==> ignore
    arg [/lib64/ld-linux-x86-64.so.2] ==> ignore
    arg [-o] ==> ignore
    arg [cmTC_91a74] ==> ignore
    arg [/usr/bin/../lib64/gcc/x86_64-suse-linux/10/../../../../lib64/crt1.o] ==> ignore
    arg [/usr/bin/../lib64/gcc/x86_64-suse-linux/10/../../../../lib64/crti.o] ==> ignore
    arg [/usr/bin/../lib64/gcc/x86_64-suse-linux/10/crtbegin.o] ==> ignore
    arg [-L/usr/bin/../lib64/gcc/x86_64-suse-linux/10] ==> dir [/usr/bin/../lib64/gcc/x86_64-suse-linux/10]
    arg [-L/usr/bin/../lib64/gcc/x86_64-suse-linux/10/../../../../lib64] ==> dir [/usr/bin/../lib64/gcc/x86_64-suse-linux/10/../../../../lib64]
    arg [-L/usr/bin/../lib64] ==> dir [/usr/bin/../lib64]
    arg [-L/lib/../lib64] ==> dir [/lib/../lib64]
    arg [-L/usr/lib/../lib64] ==> dir [/usr/lib/../lib64]
    arg [-L/usr/bin/../lib64/gcc/x86_64-suse-linux/10/../../../../x86_64-suse-linux/lib] ==> dir [/usr/bin/../lib64/gcc/x86_64-suse-linux/10/../../../../x86_64-suse-linux/lib]
    arg [-L/usr/bin/../lib64/gcc/x86_64-suse-linux/10/../../..] ==> dir [/usr/bin/../lib64/gcc/x86_64-suse-linux/10/../../..]
    arg [-L/usr/bin/../lib] ==> dir [/usr/bin/../lib]
    arg [-L/lib] ==> dir [/lib]
    arg [-L/usr/lib] ==> dir [/usr/lib]
    arg [CMakeFiles/cmTC_91a74.dir/CMakeCCompilerABI.c.o] ==> ignore
    arg [-lgcc] ==> lib [gcc]
    arg [--as-needed] ==> ignore
    arg [-lgcc_s] ==> lib [gcc_s]
    arg [--no-as-needed] ==> ignore
    arg [-lc] ==> lib [c]
    arg [-lgcc] ==> lib [gcc]
    arg [--as-needed] ==> ignore
    arg [-lgcc_s] ==> lib [gcc_s]
    arg [--no-as-needed] ==> ignore
    arg [/usr/bin/../lib64/gcc/x86_64-suse-linux/10/crtend.o] ==> ignore
    arg [/usr/bin/../lib64/gcc/x86_64-suse-linux/10/../../../../lib64/crtn.o] ==> ignore
  collapse library dir [/usr/bin/../lib64/gcc/x86_64-suse-linux/10] ==> [/usr/lib64/gcc/x86_64-suse-linux/10]
  collapse library dir [/usr/bin/../lib64/gcc/x86_64-suse-linux/10/../../../../lib64] ==> [/usr/lib64]
  collapse library dir [/usr/bin/../lib64] ==> [/usr/lib64]
  collapse library dir [/lib/../lib64] ==> [/lib64]
  collapse library dir [/usr/lib/../lib64] ==> [/usr/lib64]
  collapse library dir [/usr/bin/../lib64/gcc/x86_64-suse-linux/10/../../../../x86_64-suse-linux/lib] ==> [/usr/x86_64-suse-linux/lib]
  collapse library dir [/usr/bin/../lib64/gcc/x86_64-suse-linux/10/../../..] ==> [/usr/lib64]
  collapse library dir [/usr/bin/../lib] ==> [/usr/lib]
  collapse library dir [/lib] ==> [/lib]
  collapse library dir [/usr/lib] ==> [/usr/lib]
  implicit libs: [gcc;gcc_s;c;gcc;gcc_s]
  implicit dirs: [/usr/lib64/gcc/x86_64-suse-linux/10;/usr/lib64;/lib64;/usr/x86_64-suse-linux/lib;/usr/lib;/lib]
  implicit fwks: []


Determining if the CXX compiler works passed with the following output:
Change Dir: /home/home_rebecca/projects/school_clion/cmake-build-debug/CMakeFiles/CMakeTmp

Run Build Command(s):/usr/bin/gmake cmTC_6b96d/fast && /usr/bin/gmake  -f CMakeFiles/cmTC_6b96d.dir/build.make CMakeFiles/cmTC_6b96d.dir/build
gmake[1]: Entering directory '/home/home_rebecca/projects/school_clion/cmake-build-debug/CMakeFiles/CMakeTmp'
Building CXX object CMakeFiles/cmTC_6b96d.dir/testCXXCompiler.cxx.o
/usr/bin/clang++     -o CMakeFiles/cmTC_6b96d.dir/testCXXCompiler.cxx.o -c /home/home_rebecca/projects/school_clion/cmake-build-debug/CMakeFiles/CMakeTmp/testCXXCompiler.cxx
Linking CXX executable cmTC_6b96d
/home/home_rebecca/.local/share/JetBrains/Toolbox/apps/CLion/ch-0/203.7717.62/bin/cmake/linux/bin/cmake -E cmake_link_script CMakeFiles/cmTC_6b96d.dir/link.txt --verbose=1
/usr/bin/clang++       CMakeFiles/cmTC_6b96d.dir/testCXXCompiler.cxx.o  -o cmTC_6b96d 
gmake[1]: Leaving directory '/home/home_rebecca/projects/school_clion/cmake-build-debug/CMakeFiles/CMakeTmp'



Detecting CXX compiler ABI info compiled with the following output:
Change Dir: /home/home_rebecca/projects/school_clion/cmake-build-debug/CMakeFiles/CMakeTmp

Run Build Command(s):/usr/bin/gmake cmTC_c9d91/fast && /usr/bin/gmake  -f CMakeFiles/cmTC_c9d91.dir/build.make CMakeFiles/cmTC_c9d91.dir/build
gmake[1]: Entering directory '/home/home_rebecca/projects/school_clion/cmake-build-debug/CMakeFiles/CMakeTmp'
Building CXX object CMakeFiles/cmTC_c9d91.dir/CMakeCXXCompilerABI.cpp.o
/usr/bin/clang++    -v -o CMakeFiles/cmTC_c9d91.dir/CMakeCXXCompilerABI.cpp.o -c /home/home_rebecca/.local/share/JetBrains/Toolbox/apps/CLion/ch-0/203.7717.62/bin/cmake/linux/share/cmake-3.17/Modules/CMakeCXXCompilerABI.cpp
clang version 11.0.1
Target: x86_64-unknown-linux-gnu
Thread model: posix
InstalledDir: /usr/bin
Found candidate GCC installation: /usr/bin/../lib64/gcc/x86_64-suse-linux/10
Found candidate GCC installation: /usr/bin/../lib64/gcc/x86_64-suse-linux/9
Found candidate GCC installation: /usr/lib64/gcc/x86_64-suse-linux/10
Found candidate GCC installation: /usr/lib64/gcc/x86_64-suse-linux/9
Selected GCC installation: /usr/bin/../lib64/gcc/x86_64-suse-linux/10
Candidate multilib: .;@m64
Selected multilib: .;@m64
 (in-process)
 "/usr/bin/clang-11.0.1" -cc1 -triple x86_64-unknown-linux-gnu -emit-obj -mrelax-all -disable-free -disable-llvm-verifier -discard-value-names -main-file-name CMakeCXXCompilerABI.cpp -mrelocation-model static -mframe-pointer=all -fmath-errno -fno-rounding-math -mconstructor-aliases -munwind-tables -target-cpu x86-64 -fno-split-dwarf-inlining -debugger-tuning=gdb -v -resource-dir /usr/lib64/clang/11.0.1 -internal-isystem /usr/bin/../lib64/gcc/x86_64-suse-linux/10/../../../../include/c++/10 -internal-isystem /usr/bin/../lib64/gcc/x86_64-suse-linux/10/../../../../include/c++/10/x86_64-suse-linux -internal-isystem /usr/bin/../lib64/gcc/x86_64-suse-linux/10/../../../../include/c++/10/backward -internal-isystem /usr/local/include -internal-isystem /usr/lib64/clang/11.0.1/include -internal-externc-isystem /include -internal-externc-isystem /usr/include -fdeprecated-macro -fdebug-compilation-dir /home/home_rebecca/projects/school_clion/cmake-build-debug/CMakeFiles/CMakeTmp -ferror-limit 19 -fgnuc-version=4.2.1 -fcxx-exceptions -fexceptions -faddrsig -o CMakeFiles/cmTC_c9d91.dir/CMakeCXXCompilerABI.cpp.o -x c++ /home/home_rebecca/.local/share/JetBrains/Toolbox/apps/CLion/ch-0/203.7717.62/bin/cmake/linux/share/cmake-3.17/Modules/CMakeCXXCompilerABI.cpp
clang -cc1 version 11.0.1 based upon LLVM 11.0.1 default target x86_64-unknown-linux-gnu
ignoring nonexistent directory "/include"
#include "..." search starts here:
#include <...> search starts here:
 /usr/bin/../lib64/gcc/x86_64-suse-linux/10/../../../../include/c++/10
 /usr/bin/../lib64/gcc/x86_64-suse-linux/10/../../../../include/c++/10/x86_64-suse-linux
 /usr/bin/../lib64/gcc/x86_64-suse-linux/10/../../../../include/c++/10/backward
 /usr/local/include
 /usr/lib64/clang/11.0.1/include
 /usr/include
End of search list.
Linking CXX executable cmTC_c9d91
/home/home_rebecca/.local/share/JetBrains/Toolbox/apps/CLion/ch-0/203.7717.62/bin/cmake/linux/bin/cmake -E cmake_link_script CMakeFiles/cmTC_c9d91.dir/link.txt --verbose=1
/usr/bin/clang++      -v CMakeFiles/cmTC_c9d91.dir/CMakeCXXCompilerABI.cpp.o  -o cmTC_c9d91 
clang version 11.0.1
Target: x86_64-unknown-linux-gnu
Thread model: posix
InstalledDir: /usr/bin
Found candidate GCC installation: /usr/bin/../lib64/gcc/x86_64-suse-linux/10
Found candidate GCC installation: /usr/bin/../lib64/gcc/x86_64-suse-linux/9
Found candidate GCC installation: /usr/lib64/gcc/x86_64-suse-linux/10
Found candidate GCC installation: /usr/lib64/gcc/x86_64-suse-linux/9
Selected GCC installation: /usr/bin/../lib64/gcc/x86_64-suse-linux/10
Candidate multilib: .;@m64
Selected multilib: .;@m64
 "/usr/bin/ld" -z relro --hash-style=gnu --hash-style=both --build-id --enable-new-dtags --eh-frame-hdr -m elf_x86_64 -dynamic-linker /lib64/ld-linux-x86-64.so.2 -o cmTC_c9d91 /usr/bin/../lib64/gcc/x86_64-suse-linux/10/../../../../lib64/crt1.o /usr/bin/../lib64/gcc/x86_64-suse-linux/10/../../../../lib64/crti.o /usr/bin/../lib64/gcc/x86_64-suse-linux/10/crtbegin.o -L/usr/bin/../lib64/gcc/x86_64-suse-linux/10 -L/usr/bin/../lib64/gcc/x86_64-suse-linux/10/../../../../lib64 -L/usr/bin/../lib64 -L/lib/../lib64 -L/usr/lib/../lib64 -L/usr/bin/../lib64/gcc/x86_64-suse-linux/10/../../../../x86_64-suse-linux/lib -L/usr/bin/../lib64/gcc/x86_64-suse-linux/10/../../.. -L/usr/bin/../lib -L/lib -L/usr/lib CMakeFiles/cmTC_c9d91.dir/CMakeCXXCompilerABI.cpp.o -lstdc++ -lm -lgcc_s -lgcc -lc -lgcc_s -lgcc /usr/bin/../lib64/gcc/x86_64-suse-linux/10/crtend.o /usr/bin/../lib64/gcc/x86_64-suse-linux/10/../../../../lib64/crtn.o
gmake[1]: Leaving directory '/home/home_rebecca/projects/school_clion/cmake-build-debug/CMakeFiles/CMakeTmp'



Parsed CXX implicit include dir info from above output: rv=done
  found start of include info
  found start of implicit include info
    add: [/usr/bin/../lib64/gcc/x86_64-suse-linux/10/../../../../include/c++/10]
    add: [/usr/bin/../lib64/gcc/x86_64-suse-linux/10/../../../../include/c++/10/x86_64-suse-linux]
    add: [/usr/bin/../lib64/gcc/x86_64-suse-linux/10/../../../../include/c++/10/backward]
    add: [/usr/local/include]
    add: [/usr/lib64/clang/11.0.1/include]
    add: [/usr/include]
  end of search list found
  collapse include dir [/usr/bin/../lib64/gcc/x86_64-suse-linux/10/../../../../include/c++/10] ==> [/usr/include/c++/10]
  collapse include dir [/usr/bin/../lib64/gcc/x86_64-suse-linux/10/../../../../include/c++/10/x86_64-suse-linux] ==> [/usr/include/c++/10/x86_64-suse-linux]
  collapse include dir [/usr/bin/../lib64/gcc/x86_64-suse-linux/10/../../../../include/c++/10/backward] ==> [/usr/include/c++/10/backward]
  collapse include dir [/usr/local/include] ==> [/usr/local/include]
  collapse include dir [/usr/lib64/clang/11.0.1/include] ==> [/usr/lib64/clang/11.0.1/include]
  collapse include dir [/usr/include] ==> [/usr/include]
  implicit include dirs: [/usr/include/c++/10;/usr/include/c++/10/x86_64-suse-linux;/usr/include/c++/10/backward;/usr/local/include;/usr/lib64/clang/11.0.1/include;/usr/include]


Parsed CXX implicit link information from above output:
  link line regex: [^( *|.*[/\])(ld|CMAKE_LINK_STARTFILE-NOTFOUND|([^/\]+-)?ld|collect2)[^/\]*( |$)]
  ignore line: [Change Dir: /home/home_rebecca/projects/school_clion/cmake-build-debug/CMakeFiles/CMakeTmp]
  ignore line: []
  ignore line: [Run Build Command(s):/usr/bin/gmake cmTC_c9d91/fast && /usr/bin/gmake  -f CMakeFiles/cmTC_c9d91.dir/build.make CMakeFiles/cmTC_c9d91.dir/build]
  ignore line: [gmake[1]: Entering directory '/home/home_rebecca/projects/school_clion/cmake-build-debug/CMakeFiles/CMakeTmp']
  ignore line: [Building CXX object CMakeFiles/cmTC_c9d91.dir/CMakeCXXCompilerABI.cpp.o]
  ignore line: [/usr/bin/clang++    -v -o CMakeFiles/cmTC_c9d91.dir/CMakeCXXCompilerABI.cpp.o -c /home/home_rebecca/.local/share/JetBrains/Toolbox/apps/CLion/ch-0/203.7717.62/bin/cmake/linux/share/cmake-3.17/Modules/CMakeCXXCompilerABI.cpp]
  ignore line: [clang version 11.0.1]
  ignore line: [Target: x86_64-unknown-linux-gnu]
  ignore line: [Thread model: posix]
  ignore line: [InstalledDir: /usr/bin]
  ignore line: [Found candidate GCC installation: /usr/bin/../lib64/gcc/x86_64-suse-linux/10]
  ignore line: [Found candidate GCC installation: /usr/bin/../lib64/gcc/x86_64-suse-linux/9]
  ignore line: [Found candidate GCC installation: /usr/lib64/gcc/x86_64-suse-linux/10]
  ignore line: [Found candidate GCC installation: /usr/lib64/gcc/x86_64-suse-linux/9]
  ignore line: [Selected GCC installation: /usr/bin/../lib64/gcc/x86_64-suse-linux/10]
  ignore line: [Candidate multilib: .]
  ignore line: [@m64]
  ignore line: [Selected multilib: .]
  ignore line: [@m64]
  ignore line: [ (in-process)]
  ignore line: [ "/usr/bin/clang-11.0.1" -cc1 -triple x86_64-unknown-linux-gnu -emit-obj -mrelax-all -disable-free -disable-llvm-verifier -discard-value-names -main-file-name CMakeCXXCompilerABI.cpp -mrelocation-model static -mframe-pointer=all -fmath-errno -fno-rounding-math -mconstructor-aliases -munwind-tables -target-cpu x86-64 -fno-split-dwarf-inlining -debugger-tuning=gdb -v -resource-dir /usr/lib64/clang/11.0.1 -internal-isystem /usr/bin/../lib64/gcc/x86_64-suse-linux/10/../../../../include/c++/10 -internal-isystem /usr/bin/../lib64/gcc/x86_64-suse-linux/10/../../../../include/c++/10/x86_64-suse-linux -internal-isystem /usr/bin/../lib64/gcc/x86_64-suse-linux/10/../../../../include/c++/10/backward -internal-isystem /usr/local/include -internal-isystem /usr/lib64/clang/11.0.1/include -internal-externc-isystem /include -internal-externc-isystem /usr/include -fdeprecated-macro -fdebug-compilation-dir /home/home_rebecca/projects/school_clion/cmake-build-debug/CMakeFiles/CMakeTmp -ferror-limit 19 -fgnuc-version=4.2.1 -fcxx-exceptions -fexceptions -faddrsig -o CMakeFiles/cmTC_c9d91.dir/CMakeCXXCompilerABI.cpp.o -x c++ /home/home_rebecca/.local/share/JetBrains/Toolbox/apps/CLion/ch-0/203.7717.62/bin/cmake/linux/share/cmake-3.17/Modules/CMakeCXXCompilerABI.cpp]
  ignore line: [clang -cc1 version 11.0.1 based upon LLVM 11.0.1 default target x86_64-unknown-linux-gnu]
  ignore line: [ignoring nonexistent directory "/include"]
  ignore line: [#include "..." search starts here:]
  ignore line: [#include <...> search starts here:]
  ignore line: [ /usr/bin/../lib64/gcc/x86_64-suse-linux/10/../../../../include/c++/10]
  ignore line: [ /usr/bin/../lib64/gcc/x86_64-suse-linux/10/../../../../include/c++/10/x86_64-suse-linux]
  ignore line: [ /usr/bin/../lib64/gcc/x86_64-suse-linux/10/../../../../include/c++/10/backward]
  ignore line: [ /usr/local/include]
  ignore line: [ /usr/lib64/clang/11.0.1/include]
  ignore line: [ /usr/include]
  ignore line: [End of search list.]
  ignore line: [Linking CXX executable cmTC_c9d91]
  ignore line: [/home/home_rebecca/.local/share/JetBrains/Toolbox/apps/CLion/ch-0/203.7717.62/bin/cmake/linux/bin/cmake -E cmake_link_script CMakeFiles/cmTC_c9d91.dir/link.txt --verbose=1]
  ignore line: [/usr/bin/clang++      -v CMakeFiles/cmTC_c9d91.dir/CMakeCXXCompilerABI.cpp.o  -o cmTC_c9d91 ]
  ignore line: [clang version 11.0.1]
  ignore line: [Target: x86_64-unknown-linux-gnu]
  ignore line: [Thread model: posix]
  ignore line: [InstalledDir: /usr/bin]
  ignore line: [Found candidate GCC installation: /usr/bin/../lib64/gcc/x86_64-suse-linux/10]
  ignore line: [Found candidate GCC installation: /usr/bin/../lib64/gcc/x86_64-suse-linux/9]
  ignore line: [Found candidate GCC installation: /usr/lib64/gcc/x86_64-suse-linux/10]
  ignore line: [Found candidate GCC installation: /usr/lib64/gcc/x86_64-suse-linux/9]
  ignore line: [Selected GCC installation: /usr/bin/../lib64/gcc/x86_64-suse-linux/10]
  ignore line: [Candidate multilib: .]
  ignore line: [@m64]
  ignore line: [Selected multilib: .]
  ignore line: [@m64]
  link line: [ "/usr/bin/ld" -z relro --hash-style=gnu --hash-style=both --build-id --enable-new-dtags --eh-frame-hdr -m elf_x86_64 -dynamic-linker /lib64/ld-linux-x86-64.so.2 -o cmTC_c9d91 /usr/bin/../lib64/gcc/x86_64-suse-linux/10/../../../../lib64/crt1.o /usr/bin/../lib64/gcc/x86_64-suse-linux/10/../../../../lib64/crti.o /usr/bin/../lib64/gcc/x86_64-suse-linux/10/crtbegin.o -L/usr/bin/../lib64/gcc/x86_64-suse-linux/10 -L/usr/bin/../lib64/gcc/x86_64-suse-linux/10/../../../../lib64 -L/usr/bin/../lib64 -L/lib/../lib64 -L/usr/lib/../lib64 -L/usr/bin/../lib64/gcc/x86_64-suse-linux/10/../../../../x86_64-suse-linux/lib -L/usr/bin/../lib64/gcc/x86_64-suse-linux/10/../../.. -L/usr/bin/../lib -L/lib -L/usr/lib CMakeFiles/cmTC_c9d91.dir/CMakeCXXCompilerABI.cpp.o -lstdc++ -lm -lgcc_s -lgcc -lc -lgcc_s -lgcc /usr/bin/../lib64/gcc/x86_64-suse-linux/10/crtend.o /usr/bin/../lib64/gcc/x86_64-suse-linux/10/../../../../lib64/crtn.o]
    arg [/usr/bin/ld] ==> ignore
    arg [-zrelro] ==> ignore
    arg [--hash-style=gnu] ==> ignore
    arg [--hash-style=both] ==> ignore
    arg [--build-id] ==> ignore
    arg [--enable-new-dtags] ==> ignore
    arg [--eh-frame-hdr] ==> ignore
    arg [-m] ==> ignore
    arg [elf_x86_64] ==> ignore
    arg [-dynamic-linker] ==> ignore
    arg [/lib64/ld-linux-x86-64.so.2] ==> ignore
    arg [-o] ==> ignore
    arg [cmTC_c9d91] ==> ignore
    arg [/usr/bin/../lib64/gcc/x86_64-suse-linux/10/../../../../lib64/crt1.o] ==> ignore
    arg [/usr/bin/../lib64/gcc/x86_64-suse-linux/10/../../../../lib64/crti.o] ==> ignore
    arg [/usr/bin/../lib64/gcc/x86_64-suse-linux/10/crtbegin.o] ==> ignore
    arg [-L/usr/bin/../lib64/gcc/x86_64-suse-linux/10] ==> dir [/usr/bin/../lib64/gcc/x86_64-suse-linux/10]
    arg [-L/usr/bin/../lib64/gcc/x86_64-suse-linux/10/../../../../lib64] ==> dir [/usr/bin/../lib64/gcc/x86_64-suse-linux/10/../../../../lib64]
    arg [-L/usr/bin/../lib64] ==> dir [/usr/bin/../lib64]
    arg [-L/lib/../lib64] ==> dir [/lib/../lib64]
    arg [-L/usr/lib/../lib64] ==> dir [/usr/lib/../lib64]
    arg [-L/usr/bin/../lib64/gcc/x86_64-suse-linux/10/../../../../x86_64-suse-linux/lib] ==> dir [/usr/bin/../lib64/gcc/x86_64-suse-linux/10/../../../../x86_64-suse-linux/lib]
    arg [-L/usr/bin/../lib64/gcc/x86_64-suse-linux/10/../../..] ==> dir [/usr/bin/../lib64/gcc/x86_64-suse-linux/10/../../..]
    arg [-L/usr/bin/../lib] ==> dir [/usr/bin/../lib]
    arg [-L/lib] ==> dir [/lib]
    arg [-L/usr/lib] ==> dir [/usr/lib]
    arg [CMakeFiles/cmTC_c9d91.dir/CMakeCXXCompilerABI.cpp.o] ==> ignore
    arg [-lstdc++] ==> lib [stdc++]
    arg [-lm] ==> lib [m]
    arg [-lgcc_s] ==> lib [gcc_s]
    arg [-lgcc] ==> lib [gcc]
    arg [-lc] ==> lib [c]
    arg [-lgcc_s] ==> lib [gcc_s]
    arg [-lgcc] ==> lib [gcc]
    arg [/usr/bin/../lib64/gcc/x86_64-suse-linux/10/crtend.o] ==> ignore
    arg [/usr/bin/../lib64/gcc/x86_64-suse-linux/10/../../../../lib64/crtn.o] ==> ignore
  collapse library dir [/usr/bin/../lib64/gcc/x86_64-suse-linux/10] ==> [/usr/lib64/gcc/x86_64-suse-linux/10]
  collapse library dir [/usr/bin/../lib64/gcc/x86_64-suse-linux/10/../../../../lib64] ==> [/usr/lib64]
  collapse library dir [/usr/bin/../lib64] ==> [/usr/lib64]
  collapse library dir [/lib/../lib64] ==> [/lib64]
  collapse library dir [/usr/lib/../lib64] ==> [/usr/lib64]
  collapse library dir [/usr/bin/../lib64/gcc/x86_64-suse-linux/10/../../../../x86_64-suse-linux/lib] ==> [/usr/x86_64-suse-linux/lib]
  collapse library dir [/usr/bin/../lib64/gcc/x86_64-suse-linux/10/../../..] ==> [/usr/lib64]
  collapse library dir [/usr/bin/../lib] ==> [/usr/lib]
  collapse library dir [/lib] ==> [/lib]
  collapse library dir [/usr/lib] ==> [/usr/lib]
  implicit libs: [stdc++;m;gcc_s;gcc;c;gcc_s;gcc]
  implicit dirs: [/usr/lib64/gcc/x86_64-suse-linux/10;/usr/lib64;/lib64;/usr/x86_64-suse-linux/lib;/usr/lib;/lib]
  implicit fwks: []


The system is: Linux - 5.12.0-2-default - x86_64
Compiling the C compiler identification source file "CMakeCCompilerId.c" succeeded.
Compiler: /usr/bin/clang 
Build flags: 
Id flags:  

The output was:
0


Compilation of the C compiler identification source "CMakeCCompilerId.c" produced "a.out"

The C compiler identification is Clang, found in "/home/home_rebecca/projects/school_clion/cmake-build-debug/CMakeFiles/3.19.2/CompilerIdC/a.out"

Compiling the CXX compiler identification source file "CMakeCXXCompilerId.cpp" succeeded.
Compiler: /usr/bin/clang++ 
Build flags: 
Id flags:  

The output was:
0


Compilation of the CXX compiler identification source "CMakeCXXCompilerId.cpp" produced "a.out"

The CXX compiler identification is Clang, found in "/home/home_rebecca/projects/school_clion/cmake-build-debug/CMakeFiles/3.19.2/CompilerIdCXX/a.out"

Detecting C compiler ABI info compiled with the following output:
Change Dir: /home/home_rebecca/projects/school_clion/cmake-build-debug/CMakeFiles/CMakeTmp

Run Build Command(s):/usr/bin/gmake cmTC_270fe/fast && /usr/bin/gmake  -f CMakeFiles/cmTC_270fe.dir/build.make CMakeFiles/cmTC_270fe.dir/build
gmake[1]: Entering directory '/home/home_rebecca/projects/school_clion/cmake-build-debug/CMakeFiles/CMakeTmp'
Building C object CMakeFiles/cmTC_270fe.dir/CMakeCCompilerABI.c.o
/usr/bin/clang   -v -o CMakeFiles/cmTC_270fe.dir/CMakeCCompilerABI.c.o -c /home/home_rebecca/.local/share/JetBrains/Toolbox/apps/CLion/ch-0/211.7142.21/bin/cmake/linux/share/cmake-3.19/Modules/CMakeCCompilerABI.c
clang version 12.0.0
Target: x86_64-unknown-linux-gnu
Thread model: posix
InstalledDir: /usr/bin
Found candidate GCC installation: /usr/bin/../lib64/gcc/x86_64-suse-linux/10
Found candidate GCC installation: /usr/bin/../lib64/gcc/x86_64-suse-linux/9
Found candidate GCC installation: /usr/lib64/gcc/x86_64-suse-linux/10
Found candidate GCC installation: /usr/lib64/gcc/x86_64-suse-linux/9
Selected GCC installation: /usr/bin/../lib64/gcc/x86_64-suse-linux/10
Candidate multilib: .;@m64
Selected multilib: .;@m64
 (in-process)
 "/usr/bin/clang-12.0.0" -cc1 -triple x86_64-unknown-linux-gnu -emit-obj -mrelax-all --mrelax-relocations -disable-free -disable-llvm-verifier -discard-value-names -main-file-name CMakeCCompilerABI.c -mrelocation-model static -mframe-pointer=all -fmath-errno -fno-rounding-math -mconstructor-aliases -munwind-tables -target-cpu x86-64 -tune-cpu generic -fno-split-dwarf-inlining -debugger-tuning=gdb -v -resource-dir /usr/lib64/clang/12.0.0 -internal-isystem /usr/local/include -internal-isystem /usr/lib64/clang/12.0.0/include -internal-externc-isystem /include -internal-externc-isystem /usr/include -fdebug-compilation-dir /home/home_rebecca/projects/school_clion/cmake-build-debug/CMakeFiles/CMakeTmp -ferror-limit 19 -fgnuc-version=4.2.1 -faddrsig -o CMakeFiles/cmTC_270fe.dir/CMakeCCompilerABI.c.o -x c /home/home_rebecca/.local/share/JetBrains/Toolbox/apps/CLion/ch-0/211.7142.21/bin/cmake/linux/share/cmake-3.19/Modules/CMakeCCompilerABI.c
clang -cc1 version 12.0.0 based upon LLVM 12.0.0 default target x86_64-unknown-linux-gnu
ignoring nonexistent directory "/include"
#include "..." search starts here:
#include <...> search starts here:
 /usr/local/include
 /usr/lib64/clang/12.0.0/include
 /usr/include
End of search list.
Linking C executable cmTC_270fe
/home/home_rebecca/.local/share/JetBrains/Toolbox/apps/CLion/ch-0/211.7142.21/bin/cmake/linux/bin/cmake -E cmake_link_script CMakeFiles/cmTC_270fe.dir/link.txt --verbose=1
/usr/bin/clang  -v CMakeFiles/cmTC_270fe.dir/CMakeCCompilerABI.c.o -o cmTC_270fe 
clang version 12.0.0
Target: x86_64-unknown-linux-gnu
Thread model: posix
InstalledDir: /usr/bin
Found candidate GCC installation: /usr/bin/../lib64/gcc/x86_64-suse-linux/10
Found candidate GCC installation: /usr/bin/../lib64/gcc/x86_64-suse-linux/9
Found candidate GCC installation: /usr/lib64/gcc/x86_64-suse-linux/10
Found candidate GCC installation: /usr/lib64/gcc/x86_64-suse-linux/9
Selected GCC installation: /usr/bin/../lib64/gcc/x86_64-suse-linux/10
Candidate multilib: .;@m64
Selected multilib: .;@m64
 "/usr/bin/ld" -z relro --hash-style=gnu --hash-style=both --build-id --enable-new-dtags --eh-frame-hdr -m elf_x86_64 -dynamic-linker /lib64/ld-linux-x86-64.so.2 -o cmTC_270fe /usr/bin/../lib64/gcc/x86_64-suse-linux/10/../../../../lib64/crt1.o /usr/bin/../lib64/gcc/x86_64-suse-linux/10/../../../../lib64/crti.o /usr/bin/../lib64/gcc/x86_64-suse-linux/10/crtbegin.o -L/usr/bin/../lib64/gcc/x86_64-suse-linux/10 -L/usr/bin/../lib64/gcc/x86_64-suse-linux/10/../../../../lib64 -L/usr/bin/../lib64 -L/lib/../lib64 -L/usr/lib/../lib64 -L/usr/bin/../lib64/gcc/x86_64-suse-linux/10/../../../../x86_64-suse-linux/lib -L/usr/bin/../lib64/gcc/x86_64-suse-linux/10/../../.. -L/usr/bin/../lib -L/lib -L/usr/lib CMakeFiles/cmTC_270fe.dir/CMakeCCompilerABI.c.o -lgcc --as-needed -lgcc_s --no-as-needed -lc -lgcc --as-needed -lgcc_s --no-as-needed /usr/bin/../lib64/gcc/x86_64-suse-linux/10/crtend.o /usr/bin/../lib64/gcc/x86_64-suse-linux/10/../../../../lib64/crtn.o
gmake[1]: Leaving directory '/home/home_rebecca/projects/school_clion/cmake-build-debug/CMakeFiles/CMakeTmp'



Parsed C implicit include dir info from above output: rv=done
  found start of include info
  found start of implicit include info
    add: [/usr/local/include]
    add: [/usr/lib64/clang/12.0.0/include]
    add: [/usr/include]
  end of search list found
  collapse include dir [/usr/local/include] ==> [/usr/local/include]
  collapse include dir [/usr/lib64/clang/12.0.0/include] ==> [/usr/lib64/clang/12.0.0/include]
  collapse include dir [/usr/include] ==> [/usr/include]
  implicit include dirs: [/usr/local/include;/usr/lib64/clang/12.0.0/include;/usr/include]


Parsed C implicit link information from above output:
  link line regex: [^( *|.*[/\])(ld|CMAKE_LINK_STARTFILE-NOTFOUND|([^/\]+-)?ld|collect2)[^/\]*( |$)]
  ignore line: [Change Dir: /home/home_rebecca/projects/school_clion/cmake-build-debug/CMakeFiles/CMakeTmp]
  ignore line: []
  ignore line: [Run Build Command(s):/usr/bin/gmake cmTC_270fe/fast && /usr/bin/gmake  -f CMakeFiles/cmTC_270fe.dir/build.make CMakeFiles/cmTC_270fe.dir/build]
  ignore line: [gmake[1]: Entering directory '/home/home_rebecca/projects/school_clion/cmake-build-debug/CMakeFiles/CMakeTmp']
  ignore line: [Building C object CMakeFiles/cmTC_270fe.dir/CMakeCCompilerABI.c.o]
  ignore line: [/usr/bin/clang   -v -o CMakeFiles/cmTC_270fe.dir/CMakeCCompilerABI.c.o -c /home/home_rebecca/.local/share/JetBrains/Toolbox/apps/CLion/ch-0/211.7142.21/bin/cmake/linux/share/cmake-3.19/Modules/CMakeCCompilerABI.c]
  ignore line: [clang version 12.0.0]
  ignore line: [Target: x86_64-unknown-linux-gnu]
  ignore line: [Thread model: posix]
  ignore line: [InstalledDir: /usr/bin]
  ignore line: [Found candidate GCC installation: /usr/bin/../lib64/gcc/x86_64-suse-linux/10]
  ignore line: [Found candidate GCC installation: /usr/bin/../lib64/gcc/x86_64-suse-linux/9]
  ignore line: [Found candidate GCC installation: /usr/lib64/gcc/x86_64-suse-linux/10]
  ignore line: [Found candidate GCC installation: /usr/lib64/gcc/x86_64-suse-linux/9]
  ignore line: [Selected GCC installation: /usr/bin/../lib64/gcc/x86_64-suse-linux/10]
  ignore line: [Candidate multilib: .]
  ignore line: [@m64]
  ignore line: [Selected multilib: .]
  ignore line: [@m64]
  ignore line: [ (in-process)]
  ignore line: [ "/usr/bin/clang-12.0.0" -cc1 -triple x86_64-unknown-linux-gnu -emit-obj -mrelax-all --mrelax-relocations -disable-free -disable-llvm-verifier -discard-value-names -main-file-name CMakeCCompilerABI.c -mrelocation-model static -mframe-pointer=all -fmath-errno -fno-rounding-math -mconstructor-aliases -munwind-tables -target-cpu x86-64 -tune-cpu generic -fno-split-dwarf-inlining -debugger-tuning=gdb -v -resource-dir /usr/lib64/clang/12.0.0 -internal-isystem /usr/local/include -internal-isystem /usr/lib64/clang/12.0.0/include -internal-externc-isystem /include -internal-externc-isystem /usr/include -fdebug-compilation-dir /home/home_rebecca/projects/school_clion/cmake-build-debug/CMakeFiles/CMakeTmp -ferror-limit 19 -fgnuc-version=4.2.1 -faddrsig -o CMakeFiles/cmTC_270fe.dir/CMakeCCompilerABI.c.o -x c /home/home_rebecca/.local/share/JetBrains/Toolbox/apps/CLion/ch-0/211.7142.21/bin/cmake/linux/share/cmake-3.19/Modules/CMakeCCompilerABI.c]
  ignore line: [clang -cc1 version 12.0.0 based upon LLVM 12.0.0 default target x86_64-unknown-linux-gnu]
  ignore line: [ignoring nonexistent directory "/include"]
  ignore line: [#include "..." search starts here:]
  ignore line: [#include <...> search starts here:]
  ignore line: [ /usr/local/include]
  ignore line: [ /usr/lib64/clang/12.0.0/include]
  ignore line: [ /usr/include]
  ignore line: [End of search list.]
  ignore line: [Linking C executable cmTC_270fe]
  ignore line: [/home/home_rebecca/.local/share/JetBrains/Toolbox/apps/CLion/ch-0/211.7142.21/bin/cmake/linux/bin/cmake -E cmake_link_script CMakeFiles/cmTC_270fe.dir/link.txt --verbose=1]
  ignore line: [/usr/bin/clang  -v CMakeFiles/cmTC_270fe.dir/CMakeCCompilerABI.c.o -o cmTC_270fe ]
  ignore line: [clang version 12.0.0]
  ignore line: [Target: x86_64-unknown-linux-gnu]
  ignore line: [Thread model: posix]
  ignore line: [InstalledDir: /usr/bin]
  ignore line: [Found candidate GCC installation: /usr/bin/../lib64/gcc/x86_64-suse-linux/10]
  ignore line: [Found candidate GCC installation: /usr/bin/../lib64/gcc/x86_64-suse-linux/9]
  ignore line: [Found candidate GCC installation: /usr/lib64/gcc/x86_64-suse-linux/10]
  ignore line: [Found candidate GCC installation: /usr/lib64/gcc/x86_64-suse-linux/9]
  ignore line: [Selected GCC installation: /usr/bin/../lib64/gcc/x86_64-suse-linux/10]
  ignore line: [Candidate multilib: .]
  ignore line: [@m64]
  ignore line: [Selected multilib: .]
  ignore line: [@m64]
  link line: [ "/usr/bin/ld" -z relro --hash-style=gnu --hash-style=both --build-id --enable-new-dtags --eh-frame-hdr -m elf_x86_64 -dynamic-linker /lib64/ld-linux-x86-64.so.2 -o cmTC_270fe /usr/bin/../lib64/gcc/x86_64-suse-linux/10/../../../../lib64/crt1.o /usr/bin/../lib64/gcc/x86_64-suse-linux/10/../../../../lib64/crti.o /usr/bin/../lib64/gcc/x86_64-suse-linux/10/crtbegin.o -L/usr/bin/../lib64/gcc/x86_64-suse-linux/10 -L/usr/bin/../lib64/gcc/x86_64-suse-linux/10/../../../../lib64 -L/usr/bin/../lib64 -L/lib/../lib64 -L/usr/lib/../lib64 -L/usr/bin/../lib64/gcc/x86_64-suse-linux/10/../../../../x86_64-suse-linux/lib -L/usr/bin/../lib64/gcc/x86_64-suse-linux/10/../../.. -L/usr/bin/../lib -L/lib -L/usr/lib CMakeFiles/cmTC_270fe.dir/CMakeCCompilerABI.c.o -lgcc --as-needed -lgcc_s --no-as-needed -lc -lgcc --as-needed -lgcc_s --no-as-needed /usr/bin/../lib64/gcc/x86_64-suse-linux/10/crtend.o /usr/bin/../lib64/gcc/x86_64-suse-linux/10/../../../../lib64/crtn.o]
    arg [/usr/bin/ld] ==> ignore
    arg [-zrelro] ==> ignore
    arg [--hash-style=gnu] ==> ignore
    arg [--hash-style=both] ==> ignore
    arg [--build-id] ==> ignore
    arg [--enable-new-dtags] ==> ignore
    arg [--eh-frame-hdr] ==> ignore
    arg [-m] ==> ignore
    arg [elf_x86_64] ==> ignore
    arg [-dynamic-linker] ==> ignore
    arg [/lib64/ld-linux-x86-64.so.2] ==> ignore
    arg [-o] ==> ignore
    arg [cmTC_270fe] ==> ignore
    arg [/usr/bin/../lib64/gcc/x86_64-suse-linux/10/../../../../lib64/crt1.o] ==> ignore
    arg [/usr/bin/../lib64/gcc/x86_64-suse-linux/10/../../../../lib64/crti.o] ==> ignore
    arg [/usr/bin/../lib64/gcc/x86_64-suse-linux/10/crtbegin.o] ==> ignore
    arg [-L/usr/bin/../lib64/gcc/x86_64-suse-linux/10] ==> dir [/usr/bin/../lib64/gcc/x86_64-suse-linux/10]
    arg [-L/usr/bin/../lib64/gcc/x86_64-suse-linux/10/../../../../lib64] ==> dir [/usr/bin/../lib64/gcc/x86_64-suse-linux/10/../../../../lib64]
    arg [-L/usr/bin/../lib64] ==> dir [/usr/bin/../lib64]
    arg [-L/lib/../lib64] ==> dir [/lib/../lib64]
    arg [-L/usr/lib/../lib64] ==> dir [/usr/lib/../lib64]
    arg [-L/usr/bin/../lib64/gcc/x86_64-suse-linux/10/../../../../x86_64-suse-linux/lib] ==> dir [/usr/bin/../lib64/gcc/x86_64-suse-linux/10/../../../../x86_64-suse-linux/lib]
    arg [-L/usr/bin/../lib64/gcc/x86_64-suse-linux/10/../../..] ==> dir [/usr/bin/../lib64/gcc/x86_64-suse-linux/10/../../..]
    arg [-L/usr/bin/../lib] ==> dir [/usr/bin/../lib]
    arg [-L/lib] ==> dir [/lib]
    arg [-L/usr/lib] ==> dir [/usr/lib]
    arg [CMakeFiles/cmTC_270fe.dir/CMakeCCompilerABI.c.o] ==> ignore
    arg [-lgcc] ==> lib [gcc]
    arg [--as-needed] ==> ignore
    arg [-lgcc_s] ==> lib [gcc_s]
    arg [--no-as-needed] ==> ignore
    arg [-lc] ==> lib [c]
    arg [-lgcc] ==> lib [gcc]
    arg [--as-needed] ==> ignore
    arg [-lgcc_s] ==> lib [gcc_s]
    arg [--no-as-needed] ==> ignore
    arg [/usr/bin/../lib64/gcc/x86_64-suse-linux/10/crtend.o] ==> ignore
    arg [/usr/bin/../lib64/gcc/x86_64-suse-linux/10/../../../../lib64/crtn.o] ==> ignore
  collapse library dir [/usr/bin/../lib64/gcc/x86_64-suse-linux/10] ==> [/usr/lib64/gcc/x86_64-suse-linux/10]
  collapse library dir [/usr/bin/../lib64/gcc/x86_64-suse-linux/10/../../../../lib64] ==> [/usr/lib64]
  collapse library dir [/usr/bin/../lib64] ==> [/usr/lib64]
  collapse library dir [/lib/../lib64] ==> [/lib64]
  collapse library dir [/usr/lib/../lib64] ==> [/usr/lib64]
  collapse library dir [/usr/bin/../lib64/gcc/x86_64-suse-linux/10/../../../../x86_64-suse-linux/lib] ==> [/usr/x86_64-suse-linux/lib]
  collapse library dir [/usr/bin/../lib64/gcc/x86_64-suse-linux/10/../../..] ==> [/usr/lib64]
  collapse library dir [/usr/bin/../lib] ==> [/usr/lib]
  collapse library dir [/lib] ==> [/lib]
  collapse library dir [/usr/lib] ==> [/usr/lib]
  implicit libs: [gcc;gcc_s;c;gcc;gcc_s]
  implicit dirs: [/usr/lib64/gcc/x86_64-suse-linux/10;/usr/lib64;/lib64;/usr/x86_64-suse-linux/lib;/usr/lib;/lib]
  implicit fwks: []


Detecting CXX compiler ABI info compiled with the following output:
Change Dir: /home/home_rebecca/projects/school_clion/cmake-build-debug/CMakeFiles/CMakeTmp

Run Build Command(s):/usr/bin/gmake cmTC_fd076/fast && /usr/bin/gmake  -f CMakeFiles/cmTC_fd076.dir/build.make CMakeFiles/cmTC_fd076.dir/build
gmake[1]: Entering directory '/home/home_rebecca/projects/school_clion/cmake-build-debug/CMakeFiles/CMakeTmp'
Building CXX object CMakeFiles/cmTC_fd076.dir/CMakeCXXCompilerABI.cpp.o
/usr/bin/clang++   -v -o CMakeFiles/cmTC_fd076.dir/CMakeCXXCompilerABI.cpp.o -c /home/home_rebecca/.local/share/JetBrains/Toolbox/apps/CLion/ch-0/211.7142.21/bin/cmake/linux/share/cmake-3.19/Modules/CMakeCXXCompilerABI.cpp
clang version 12.0.0
Target: x86_64-unknown-linux-gnu
Thread model: posix
InstalledDir: /usr/bin
Found candidate GCC installation: /usr/bin/../lib64/gcc/x86_64-suse-linux/10
Found candidate GCC installation: /usr/bin/../lib64/gcc/x86_64-suse-linux/9
Found candidate GCC installation: /usr/lib64/gcc/x86_64-suse-linux/10
Found candidate GCC installation: /usr/lib64/gcc/x86_64-suse-linux/9
Selected GCC installation: /usr/bin/../lib64/gcc/x86_64-suse-linux/10
Candidate multilib: .;@m64
Selected multilib: .;@m64
 (in-process)
 "/usr/bin/clang-12.0.0" -cc1 -triple x86_64-unknown-linux-gnu -emit-obj -mrelax-all --mrelax-relocations -disable-free -disable-llvm-verifier -discard-value-names -main-file-name CMakeCXXCompilerABI.cpp -mrelocation-model static -mframe-pointer=all -fmath-errno -fno-rounding-math -mconstructor-aliases -munwind-tables -target-cpu x86-64 -tune-cpu generic -fno-split-dwarf-inlining -debugger-tuning=gdb -v -resource-dir /usr/lib64/clang/12.0.0 -internal-isystem /usr/bin/../lib64/gcc/x86_64-suse-linux/10/../../../../include/c++/10 -internal-isystem /usr/bin/../lib64/gcc/x86_64-suse-linux/10/../../../../include/c++/10/x86_64-suse-linux -internal-isystem /usr/bin/../lib64/gcc/x86_64-suse-linux/10/../../../../include/c++/10/backward -internal-isystem /usr/local/include -internal-isystem /usr/lib64/clang/12.0.0/include -internal-externc-isystem /include -internal-externc-isystem /usr/include -fdeprecated-macro -fdebug-compilation-dir /home/home_rebecca/projects/school_clion/cmake-build-debug/CMakeFiles/CMakeTmp -ferror-limit 19 -fgnuc-version=4.2.1 -fcxx-exceptions -fexceptions -faddrsig -o CMakeFiles/cmTC_fd076.dir/CMakeCXXCompilerABI.cpp.o -x c++ /home/home_rebecca/.local/share/JetBrains/Toolbox/apps/CLion/ch-0/211.7142.21/bin/cmake/linux/share/cmake-3.19/Modules/CMakeCXXCompilerABI.cpp
clang -cc1 version 12.0.0 based upon LLVM 12.0.0 default target x86_64-unknown-linux-gnu
ignoring nonexistent directory "/include"
#include "..." search starts here:
#include <...> search starts here:
 /usr/bin/../lib64/gcc/x86_64-suse-linux/10/../../../../include/c++/10
 /usr/bin/../lib64/gcc/x86_64-suse-linux/10/../../../../include/c++/10/x86_64-suse-linux
 /usr/bin/../lib64/gcc/x86_64-suse-linux/10/../../../../include/c++/10/backward
 /usr/local/include
 /usr/lib64/clang/12.0.0/include
 /usr/include
End of search list.
Linking CXX executable cmTC_fd076
/home/home_rebecca/.local/share/JetBrains/Toolbox/apps/CLion/ch-0/211.7142.21/bin/cmake/linux/bin/cmake -E cmake_link_script CMakeFiles/cmTC_fd076.dir/link.txt --verbose=1
/usr/bin/clang++  -v CMakeFiles/cmTC_fd076.dir/CMakeCXXCompilerABI.cpp.o -o cmTC_fd076 
clang version 12.0.0
Target: x86_64-unknown-linux-gnu
Thread model: posix
InstalledDir: /usr/bin
Found candidate GCC installation: /usr/bin/../lib64/gcc/x86_64-suse-linux/10
Found candidate GCC installation: /usr/bin/../lib64/gcc/x86_64-suse-linux/9
Found candidate GCC installation: /usr/lib64/gcc/x86_64-suse-linux/10
Found candidate GCC installation: /usr/lib64/gcc/x86_64-suse-linux/9
Selected GCC installation: /usr/bin/../lib64/gcc/x86_64-suse-linux/10
Candidate multilib: .;@m64
Selected multilib: .;@m64
 "/usr/bin/ld" -z relro --hash-style=gnu --hash-style=both --build-id --enable-new-dtags --eh-frame-hdr -m elf_x86_64 -dynamic-linker /lib64/ld-linux-x86-64.so.2 -o cmTC_fd076 /usr/bin/../lib64/gcc/x86_64-suse-linux/10/../../../../lib64/crt1.o /usr/bin/../lib64/gcc/x86_64-suse-linux/10/../../../../lib64/crti.o /usr/bin/../lib64/gcc/x86_64-suse-linux/10/crtbegin.o -L/usr/bin/../lib64/gcc/x86_64-suse-linux/10 -L/usr/bin/../lib64/gcc/x86_64-suse-linux/10/../../../../lib64 -L/usr/bin/../lib64 -L/lib/../lib64 -L/usr/lib/../lib64 -L/usr/bin/../lib64/gcc/x86_64-suse-linux/10/../../../../x86_64-suse-linux/lib -L/usr/bin/../lib64/gcc/x86_64-suse-linux/10/../../.. -L/usr/bin/../lib -L/lib -L/usr/lib CMakeFiles/cmTC_fd076.dir/CMakeCXXCompilerABI.cpp.o -lstdc++ -lm -lgcc_s -lgcc -lc -lgcc_s -lgcc /usr/bin/../lib64/gcc/x86_64-suse-linux/10/crtend.o /usr/bin/../lib64/gcc/x86_64-suse-linux/10/../../../../lib64/crtn.o
gmake[1]: Leaving directory '/home/home_rebecca/projects/school_clion/cmake-build-debug/CMakeFiles/CMakeTmp'



Parsed CXX implicit include dir info from above output: rv=done
  found start of include info
  found start of implicit include info
    add: [/usr/bin/../lib64/gcc/x86_64-suse-linux/10/../../../../include/c++/10]
    add: [/usr/bin/../lib64/gcc/x86_64-suse-linux/10/../../../../include/c++/10/x86_64-suse-linux]
    add: [/usr/bin/../lib64/gcc/x86_64-suse-linux/10/../../../../include/c++/10/backward]
    add: [/usr/local/include]
    add: [/usr/lib64/clang/12.0.0/include]
    add: [/usr/include]
  end of search list found
  collapse include dir [/usr/bin/../lib64/gcc/x86_64-suse-linux/10/../../../../include/c++/10] ==> [/usr/include/c++/10]
  collapse include dir [/usr/bin/../lib64/gcc/x86_64-suse-linux/10/../../../../include/c++/10/x86_64-suse-linux] ==> [/usr/include/c++/10/x86_64-suse-linux]
  collapse include dir [/usr/bin/../lib64/gcc/x86_64-suse-linux/10/../../../../include/c++/10/backward] ==> [/usr/include/c++/10/backward]
  collapse include dir [/usr/local/include] ==> [/usr/local/include]
  collapse include dir [/usr/lib64/clang/12.0.0/include] ==> [/usr/lib64/clang/12.0.0/include]
  collapse include dir [/usr/include] ==> [/usr/include]
  implicit include dirs: [/usr/include/c++/10;/usr/include/c++/10/x86_64-suse-linux;/usr/include/c++/10/backward;/usr/local/include;/usr/lib64/clang/12.0.0/include;/usr/include]


Parsed CXX implicit link information from above output:
  link line regex: [^( *|.*[/\])(ld|CMAKE_LINK_STARTFILE-NOTFOUND|([^/\]+-)?ld|collect2)[^/\]*( |$)]
  ignore line: [Change Dir: /home/home_rebecca/projects/school_clion/cmake-build-debug/CMakeFiles/CMakeTmp]
  ignore line: []
  ignore line: [Run Build Command(s):/usr/bin/gmake cmTC_fd076/fast && /usr/bin/gmake  -f CMakeFiles/cmTC_fd076.dir/build.make CMakeFiles/cmTC_fd076.dir/build]
  ignore line: [gmake[1]: Entering directory '/home/home_rebecca/projects/school_clion/cmake-build-debug/CMakeFiles/CMakeTmp']
  ignore line: [Building CXX object CMakeFiles/cmTC_fd076.dir/CMakeCXXCompilerABI.cpp.o]
  ignore line: [/usr/bin/clang++   -v -o CMakeFiles/cmTC_fd076.dir/CMakeCXXCompilerABI.cpp.o -c /home/home_rebecca/.local/share/JetBrains/Toolbox/apps/CLion/ch-0/211.7142.21/bin/cmake/linux/share/cmake-3.19/Modules/CMakeCXXCompilerABI.cpp]
  ignore line: [clang version 12.0.0]
  ignore line: [Target: x86_64-unknown-linux-gnu]
  ignore line: [Thread model: posix]
  ignore line: [InstalledDir: /usr/bin]
  ignore line: [Found candidate GCC installation: /usr/bin/../lib64/gcc/x86_64-suse-linux/10]
  ignore line: [Found candidate GCC installation: /usr/bin/../lib64/gcc/x86_64-suse-linux/9]
  ignore line: [Found candidate GCC installation: /usr/lib64/gcc/x86_64-suse-linux/10]
  ignore line: [Found candidate GCC installation: /usr/lib64/gcc/x86_64-suse-linux/9]
  ignore line: [Selected GCC installation: /usr/bin/../lib64/gcc/x86_64-suse-linux/10]
  ignore line: [Candidate multilib: .]
  ignore line: [@m64]
  ignore line: [Selected multilib: .]
  ignore line: [@m64]
  ignore line: [ (in-process)]
  ignore line: [ "/usr/bin/clang-12.0.0" -cc1 -triple x86_64-unknown-linux-gnu -emit-obj -mrelax-all --mrelax-relocations -disable-free -disable-llvm-verifier -discard-value-names -main-file-name CMakeCXXCompilerABI.cpp -mrelocation-model static -mframe-pointer=all -fmath-errno -fno-rounding-math -mconstructor-aliases -munwind-tables -target-cpu x86-64 -tune-cpu generic -fno-split-dwarf-inlining -debugger-tuning=gdb -v -resource-dir /usr/lib64/clang/12.0.0 -internal-isystem /usr/bin/../lib64/gcc/x86_64-suse-linux/10/../../../../include/c++/10 -internal-isystem /usr/bin/../lib64/gcc/x86_64-suse-linux/10/../../../../include/c++/10/x86_64-suse-linux -internal-isystem /usr/bin/../lib64/gcc/x86_64-suse-linux/10/../../../../include/c++/10/backward -internal-isystem /usr/local/include -internal-isystem /usr/lib64/clang/12.0.0/include -internal-externc-isystem /include -internal-externc-isystem /usr/include -fdeprecated-macro -fdebug-compilation-dir /home/home_rebecca/projects/school_clion/cmake-build-debug/CMakeFiles/CMakeTmp -ferror-limit 19 -fgnuc-version=4.2.1 -fcxx-exceptions -fexceptions -faddrsig -o CMakeFiles/cmTC_fd076.dir/CMakeCXXCompilerABI.cpp.o -x c++ /home/home_rebecca/.local/share/JetBrains/Toolbox/apps/CLion/ch-0/211.7142.21/bin/cmake/linux/share/cmake-3.19/Modules/CMakeCXXCompilerABI.cpp]
  ignore line: [clang -cc1 version 12.0.0 based upon LLVM 12.0.0 default target x86_64-unknown-linux-gnu]
  ignore line: [ignoring nonexistent directory "/include"]
  ignore line: [#include "..." search starts here:]
  ignore line: [#include <...> search starts here:]
  ignore line: [ /usr/bin/../lib64/gcc/x86_64-suse-linux/10/../../../../include/c++/10]
  ignore line: [ /usr/bin/../lib64/gcc/x86_64-suse-linux/10/../../../../include/c++/10/x86_64-suse-linux]
  ignore line: [ /usr/bin/../lib64/gcc/x86_64-suse-linux/10/../../../../include/c++/10/backward]
  ignore line: [ /usr/local/include]
  ignore line: [ /usr/lib64/clang/12.0.0/include]
  ignore line: [ /usr/include]
  ignore line: [End of search list.]
  ignore line: [Linking CXX executable cmTC_fd076]
  ignore line: [/home/home_rebecca/.local/share/JetBrains/Toolbox/apps/CLion/ch-0/211.7142.21/bin/cmake/linux/bin/cmake -E cmake_link_script CMakeFiles/cmTC_fd076.dir/link.txt --verbose=1]
  ignore line: [/usr/bin/clang++  -v CMakeFiles/cmTC_fd076.dir/CMakeCXXCompilerABI.cpp.o -o cmTC_fd076 ]
  ignore line: [clang version 12.0.0]
  ignore line: [Target: x86_64-unknown-linux-gnu]
  ignore line: [Thread model: posix]
  ignore line: [InstalledDir: /usr/bin]
  ignore line: [Found candidate GCC installation: /usr/bin/../lib64/gcc/x86_64-suse-linux/10]
  ignore line: [Found candidate GCC installation: /usr/bin/../lib64/gcc/x86_64-suse-linux/9]
  ignore line: [Found candidate GCC installation: /usr/lib64/gcc/x86_64-suse-linux/10]
  ignore line: [Found candidate GCC installation: /usr/lib64/gcc/x86_64-suse-linux/9]
  ignore line: [Selected GCC installation: /usr/bin/../lib64/gcc/x86_64-suse-linux/10]
  ignore line: [Candidate multilib: .]
  ignore line: [@m64]
  ignore line: [Selected multilib: .]
  ignore line: [@m64]
  link line: [ "/usr/bin/ld" -z relro --hash-style=gnu --hash-style=both --build-id --enable-new-dtags --eh-frame-hdr -m elf_x86_64 -dynamic-linker /lib64/ld-linux-x86-64.so.2 -o cmTC_fd076 /usr/bin/../lib64/gcc/x86_64-suse-linux/10/../../../../lib64/crt1.o /usr/bin/../lib64/gcc/x86_64-suse-linux/10/../../../../lib64/crti.o /usr/bin/../lib64/gcc/x86_64-suse-linux/10/crtbegin.o -L/usr/bin/../lib64/gcc/x86_64-suse-linux/10 -L/usr/bin/../lib64/gcc/x86_64-suse-linux/10/../../../../lib64 -L/usr/bin/../lib64 -L/lib/../lib64 -L/usr/lib/../lib64 -L/usr/bin/../lib64/gcc/x86_64-suse-linux/10/../../../../x86_64-suse-linux/lib -L/usr/bin/../lib64/gcc/x86_64-suse-linux/10/../../.. -L/usr/bin/../lib -L/lib -L/usr/lib CMakeFiles/cmTC_fd076.dir/CMakeCXXCompilerABI.cpp.o -lstdc++ -lm -lgcc_s -lgcc -lc -lgcc_s -lgcc /usr/bin/../lib64/gcc/x86_64-suse-linux/10/crtend.o /usr/bin/../lib64/gcc/x86_64-suse-linux/10/../../../../lib64/crtn.o]
    arg [/usr/bin/ld] ==> ignore
    arg [-zrelro] ==> ignore
    arg [--hash-style=gnu] ==> ignore
    arg [--hash-style=both] ==> ignore
    arg [--build-id] ==> ignore
    arg [--enable-new-dtags] ==> ignore
    arg [--eh-frame-hdr] ==> ignore
    arg [-m] ==> ignore
    arg [elf_x86_64] ==> ignore
    arg [-dynamic-linker] ==> ignore
    arg [/lib64/ld-linux-x86-64.so.2] ==> ignore
    arg [-o] ==> ignore
    arg [cmTC_fd076] ==> ignore
    arg [/usr/bin/../lib64/gcc/x86_64-suse-linux/10/../../../../lib64/crt1.o] ==> ignore
    arg [/usr/bin/../lib64/gcc/x86_64-suse-linux/10/../../../../lib64/crti.o] ==> ignore
    arg [/usr/bin/../lib64/gcc/x86_64-suse-linux/10/crtbegin.o] ==> ignore
    arg [-L/usr/bin/../lib64/gcc/x86_64-suse-linux/10] ==> dir [/usr/bin/../lib64/gcc/x86_64-suse-linux/10]
    arg [-L/usr/bin/../lib64/gcc/x86_64-suse-linux/10/../../../../lib64] ==> dir [/usr/bin/../lib64/gcc/x86_64-suse-linux/10/../../../../lib64]
    arg [-L/usr/bin/../lib64] ==> dir [/usr/bin/../lib64]
    arg [-L/lib/../lib64] ==> dir [/lib/../lib64]
    arg [-L/usr/lib/../lib64] ==> dir [/usr/lib/../lib64]
    arg [-L/usr/bin/../lib64/gcc/x86_64-suse-linux/10/../../../../x86_64-suse-linux/lib] ==> dir [/usr/bin/../lib64/gcc/x86_64-suse-linux/10/../../../../x86_64-suse-linux/lib]
    arg [-L/usr/bin/../lib64/gcc/x86_64-suse-linux/10/../../..] ==> dir [/usr/bin/../lib64/gcc/x86_64-suse-linux/10/../../..]
    arg [-L/usr/bin/../lib] ==> dir [/usr/bin/../lib]
    arg [-L/lib] ==> dir [/lib]
    arg [-L/usr/lib] ==> dir [/usr/lib]
    arg [CMakeFiles/cmTC_fd076.dir/CMakeCXXCompilerABI.cpp.o] ==> ignore
    arg [-lstdc++] ==> lib [stdc++]
    arg [-lm] ==> lib [m]
    arg [-lgcc_s] ==> lib [gcc_s]
    arg [-lgcc] ==> lib [gcc]
    arg [-lc] ==> lib [c]
    arg [-lgcc_s] ==> lib [gcc_s]
    arg [-lgcc] ==> lib [gcc]
    arg [/usr/bin/../lib64/gcc/x86_64-suse-linux/10/crtend.o] ==> ignore
    arg [/usr/bin/../lib64/gcc/x86_64-suse-linux/10/../../../../lib64/crtn.o] ==> ignore
  collapse library dir [/usr/bin/../lib64/gcc/x86_64-suse-linux/10] ==> [/usr/lib64/gcc/x86_64-suse-linux/10]
  collapse library dir [/usr/bin/../lib64/gcc/x86_64-suse-linux/10/../../../../lib64] ==> [/usr/lib64]
  collapse library dir [/usr/bin/../lib64] ==> [/usr/lib64]
  collapse library dir [/lib/../lib64] ==> [/lib64]
  collapse library dir [/usr/lib/../lib64] ==> [/usr/lib64]
  collapse library dir [/usr/bin/../lib64/gcc/x86_64-suse-linux/10/../../../../x86_64-suse-linux/lib] ==> [/usr/x86_64-suse-linux/lib]
  collapse library dir [/usr/bin/../lib64/gcc/x86_64-suse-linux/10/../../..] ==> [/usr/lib64]
  collapse library dir [/usr/bin/../lib] ==> [/usr/lib]
  collapse library dir [/lib] ==> [/lib]
  collapse library dir [/usr/lib] ==> [/usr/lib]
  implicit libs: [stdc++;m;gcc_s;gcc;c;gcc_s;gcc]
  implicit dirs: [/usr/lib64/gcc/x86_64-suse-linux/10;/usr/lib64;/lib64;/usr/x86_64-suse-linux/lib;/usr/lib;/lib]
  implicit fwks: []


